<?xml version="1.0" encoding="UTF-8"?>
<!-- Generated by org.testng.reporters.JUnitReportReporter -->
<testsuite hostname="DESKTOP-8923KN6" failures="0" tests="1" name="TestClass" time="0.011" errors="0" timestamp="2023-03-26T14:50:12 AST" skipped="0">
  <testcase classname="TestClass" name="test" time="0.011"/>
  <system-out/>
</testsuite> <!-- TestClass -->
