<?xml version="1.0" encoding="UTF-8"?>
<!-- Generated by org.testng.reporters.JUnitReportReporter -->
<testsuite hostname="DESKTOP-8923KN6" failures="0" tests="1" name="com.hyr.test.FirstClass" time="90.817" errors="0" timestamp="2023-03-28T17:25:21 AST" skipped="0">
  <testcase classname="com.hyr.test.FirstClass" name="login" time="90.817"/>
  <system-out/>
</testsuite> <!-- com.hyr.test.FirstClass -->
